# JRE version: Java(TM) SE Runtime Environment (8.0_92-b14) (build 1.8.0_92-b14)
# Java VM: Java HotSpot(TM) 64-Bit Server VM (25.92-b14 mixed mode windows-amd64 compressed oops)
Heap:
 PSYoungGen      total 765952K, used 640808K [0x000000076b580000, 0x00000007a1f80000, 0x00000007c0000000)
  eden space 653824K, 85% used [0x000000076b580000,0x000000078d57bcb0,0x0000000793400000)
  from space 112128K, 74% used [0x000000079a880000,0x000000079fa4e6f8,0x00000007a1600000)
  to   space 119296K, 0% used [0x0000000793400000,0x0000000793400000,0x000000079a880000)
 ParOldGen       total 246272K, used 102547K [0x00000006c2000000, 0x00000006d1080000, 0x000000076b580000)
  object space 246272K, 41% used [0x00000006c2000000,0x00000006c8424e48,0x00000006d1080000)
 Metaspace       used 68613K, capacity 69524K, committed 70016K, reserved 1110016K
  class space    used 8967K, capacity 9264K, committed 9344K, reserved 1048576K
GC Heap History (10 events):
Event: 168.873 GC heap before
{Heap before GC invocations=14 (full 3):
 PSYoungGen      total 415232K, used 410211K [0x000000076b580000, 0x0000000797300000, 0x00000007c0000000)
  eden space 384512K, 98% used [0x000000076b580000,0x000000078281a350,0x0000000782d00000)
  from space 30720K, 99% used [0x0000000787b80000,0x000000078997e948,0x0000000789980000)
  to   space 80384K, 0% used [0x0000000782d00000,0x0000000782d00000,0x0000000787b80000)
 ParOldGen       total 246272K, used 116190K [0x00000006c2000000, 0x00000006d1080000, 0x000000076b580000)
  object space 246272K, 47% used [0x00000006c2000000,0x00000006c9177bb0,0x00000006d1080000)
 Metaspace       used 50783K, capacity 51568K, committed 51840K, reserved 1097728K
  class space    used 6427K, capacity 6701K, committed 6784K, reserved 1048576K
Event: 169.074 GC heap after
Heap after GC invocations=14 (full 3):
 PSYoungGen      total 464896K, used 79930K [0x000000076b580000, 0x0000000796780000, 0x00000007c0000000)
  eden space 384512K, 0% used [0x000000076b580000,0x000000076b580000,0x0000000782d00000)
  from space 80384K, 99% used [0x0000000782d00000,0x0000000787b0e818,0x0000000787b80000)
  to   space 93184K, 0% used [0x0000000790c80000,0x0000000790c80000,0x0000000796780000)
 ParOldGen       total 246272K, used 120594K [0x00000006c2000000, 0x00000006d1080000, 0x000000076b580000)
  object space 246272K, 48% used [0x00000006c2000000,0x00000006c95c49c8,0x00000006d1080000)
 Metaspace       used 50783K, capacity 51568K, committed 51840K, reserved 1097728K
  class space    used 6427K, capacity 6701K, committed 6784K, reserved 1048576K
}
Event: 169.074 GC heap before
{Heap before GC invocations=15 (full 4):
 PSYoungGen      total 464896K, used 79930K [0x000000076b580000, 0x0000000796780000, 0x00000007c0000000)
  eden space 384512K, 0% used [0x000000076b580000,0x000000076b580000,0x0000000782d00000)
  from space 80384K, 99% used [0x0000000782d00000,0x0000000787b0e818,0x0000000787b80000)
  to   space 93184K, 0% used [0x0000000790c80000,0x0000000790c80000,0x0000000796780000)
 ParOldGen       total 246272K, used 120594K [0x00000006c2000000, 0x00000006d1080000, 0x000000076b580000)
  object space 246272K, 48% used [0x00000006c2000000,0x00000006c95c49c8,0x00000006d1080000)
 Metaspace       used 50783K, capacity 51568K, committed 51840K, reserved 1097728K
  class space    used 6427K, capacity 6701K, committed 6784K, reserved 1048576K
Event: 169.520 GC heap after
Heap after GC invocations=15 (full 4):
 PSYoungGen      total 464896K, used 0K [0x000000076b580000, 0x0000000796780000, 0x00000007c0000000)
  eden space 384512K, 0% used [0x000000076b580000,0x000000076b580000,0x0000000782d00000)
  from space 80384K, 0% used [0x0000000782d00000,0x0000000782d00000,0x0000000787b80000)
  to   space 93184K, 0% used [0x0000000790c80000,0x0000000790c80000,0x0000000796780000)
 ParOldGen       total 246272K, used 99937K [0x00000006c2000000, 0x00000006d1080000, 0x000000076b580000)
  object space 246272K, 40% used [0x00000006c2000000,0x00000006c81984f8,0x00000006d1080000)
 Metaspace       used 50783K, capacity 51568K, committed 51840K, reserved 1095680K
  class space    used 6427K, capacity 6701K, committed 6784K, reserved 1048576K
}
Event: 396.069 GC heap before
{Heap before GC invocations=16 (full 4):
 PSYoungGen      total 464896K, used 384512K [0x000000076b580000, 0x0000000796780000, 0x00000007c0000000)
  eden space 384512K, 100% used [0x000000076b580000,0x0000000782d00000,0x0000000782d00000)
  from space 80384K, 0% used [0x0000000782d00000,0x0000000782d00000,0x0000000787b80000)
  to   space 93184K, 0% used [0x0000000790c80000,0x0000000790c80000,0x0000000796780000)
 ParOldGen       total 246272K, used 99937K [0x00000006c2000000, 0x00000006d1080000, 0x000000076b580000)
  object space 246272K, 40% used [0x00000006c2000000,0x00000006c81984f8,0x00000006d1080000)
 Metaspace       used 51102K, capacity 51862K, committed 52096K, reserved 1095680K
  class space    used 6478K, capacity 6735K, committed 6784K, reserved 1048576K
Event: 396.604 GC heap after
Heap after GC invocations=16 (full 4):
 PSYoungGen      total 601088K, used 75019K [0x000000076b580000, 0x0000000796b80000, 0x00000007c0000000)
  eden space 507904K, 0% used [0x000000076b580000,0x000000076b580000,0x000000078a580000)
  from space 93184K, 80% used [0x0000000790c80000,0x00000007955c2fc0,0x0000000796780000)
  to   space 101376K, 0% used [0x000000078a580000,0x000000078a580000,0x0000000790880000)
 ParOldGen       total 246272K, used 99945K [0x00000006c2000000, 0x00000006d1080000, 0x000000076b580000)
  object space 246272K, 40% used [0x00000006c2000000,0x00000006c819a4f8,0x00000006d1080000)
 Metaspace       used 51102K, capacity 51862K, committed 52096K, reserved 1095680K
  class space    used 6478K, capacity 6735K, committed 6784K, reserved 1048576K
}
Event: 407.511 GC heap before
{Heap before GC invocations=17 (full 4):
 PSYoungGen      total 601088K, used 582923K [0x000000076b580000, 0x0000000796b80000, 0x00000007c0000000)
  eden space 507904K, 100% used [0x000000076b580000,0x000000078a580000,0x000000078a580000)
  from space 93184K, 80% used [0x0000000790c80000,0x00000007955c2fc0,0x0000000796780000)
  to   space 101376K, 0% used [0x000000078a580000,0x000000078a580000,0x0000000790880000)
 ParOldGen       total 246272K, used 99947K [0x00000006c2000000, 0x00000006d1080000, 0x000000076b580000)
  object space 246272K, 40% used [0x00000006c2000000,0x00000006c819ae48,0x00000006d1080000)
 Metaspace       used 56974K, capacity 57722K, committed 58112K, reserved 1099776K
  class space    used 7307K, capacity 7577K, committed 7680K, reserved 1048576K
Event: 407.645 GC heap after
Heap after GC invocations=17 (full 4):
 PSYoungGen      total 609280K, used 86648K [0x000000076b580000, 0x00000007a1600000, 0x00000007c0000000)
  eden space 507904K, 0% used [0x000000076b580000,0x000000076b580000,0x000000078a580000)
  from space 101376K, 85% used [0x000000078a580000,0x000000078fa1e368,0x0000000790880000)
  to   space 112128K, 0% used [0x000000079a880000,0x000000079a880000,0x00000007a1600000)
 ParOldGen       total 246272K, used 100762K [0x00000006c2000000, 0x00000006d1080000, 0x000000076b580000)
  object space 246272K, 40% used [0x00000006c2000000,0x00000006c8266aa8,0x00000006d1080000)
 Metaspace       used 56974K, capacity 57722K, committed 58112K, reserved 1099776K
  class space    used 7307K, capacity 7577K, committed 7680K, reserved 1048576K
}
Event: 422.141 GC heap before
{Heap before GC invocations=18 (full 4):
 PSYoungGen      total 609280K, used 594552K [0x000000076b580000, 0x00000007a1600000, 0x00000007c0000000)
  eden space 507904K, 100% used [0x000000076b580000,0x000000078a580000,0x000000078a580000)
  from space 101376K, 85% used [0x000000078a580000,0x000000078fa1e368,0x0000000790880000)
  to   space 112128K, 0% used [0x000000079a880000,0x000000079a880000,0x00000007a1600000)
 ParOldGen       total 246272K, used 100764K [0x00000006c2000000, 0x00000006d1080000, 0x000000076b580000)
  object space 246272K, 40% used [0x00000006c2000000,0x00000006c82671c8,0x00000006d1080000)
 Metaspace       used 62799K, capacity 63658K, committed 64000K, reserved 1105920K
  class space    used 8136K, capacity 8421K, committed 8448K, reserved 1048576K
Event: 422.384 GC heap after
Heap after GC invocations=18 (full 4):
 PSYoungGen      total 765952K, used 83769K [0x000000076b580000, 0x00000007a1f80000, 0x00000007c0000000)
  eden space 653824K, 0% used [0x000000076b580000,0x000000076b580000,0x0000000793400000)
  from space 112128K, 74% used [0x000000079a880000,0x000000079fa4e6f8,0x00000007a1600000)
  to   space 119296K, 0% used [0x0000000793400000,0x0000000793400000,0x000000079a880000)
 ParOldGen       total 246272K, used 102547K [0x00000006c2000000, 0x00000006d1080000, 0x000000076b580000)
  object space 246272K, 41% used [0x00000006c2000000,0x00000006c8424e48,0x00000006d1080000)
 Metaspace       used 62799K, capacity 63658K, committed 64000K, reserved 1105920K
  class space    used 8136K, capacity 8421K, committed 8448K, reserved 1048576K
}

