# JRE version: Java(TM) SE Runtime Environment (8.0_92-b14) (build 1.8.0_92-b14)
# Java VM: Java HotSpot(TM) 64-Bit Server VM (25.92-b14 mixed mode windows-amd64 compressed oops)
Heap:
 PSYoungGen      total 274944K, used 177357K [0x000000076b580000, 0x000000077d080000, 0x00000007c0000000)
  eden space 260096K, 68% used [0x000000076b580000,0x00000007762b34d0,0x000000077b380000)
  from space 14848K, 0% used [0x000000077b380000,0x000000077b380000,0x000000077c200000)
  to   space 14336K, 0% used [0x000000077c280000,0x000000077c280000,0x000000077d080000)
 ParOldGen       total 99840K, used 14678K [0x00000006c2000000, 0x00000006c8180000, 0x000000076b580000)
  object space 99840K, 14% used [0x00000006c2000000,0x00000006c2e55be8,0x00000006c8180000)
 Metaspace       used 21077K, capacity 21528K, committed 21760K, reserved 1069056K
  class space    used 2405K, capacity 2553K, committed 2560K, reserved 1048576K
GC Heap History (10 events):
Event: 8.116 GC heap before
{Heap before GC invocations=4 (full 0):
 PSYoungGen      total 75776K, used 75752K [0x000000076b580000, 0x0000000774980000, 0x00000007c0000000)
  eden space 65024K, 100% used [0x000000076b580000,0x000000076f500000,0x000000076f500000)
  from space 10752K, 99% used [0x000000076f500000,0x000000076ff7a060,0x000000076ff80000)
  to   space 10752K, 0% used [0x0000000773f00000,0x0000000773f00000,0x0000000774980000)
 ParOldGen       total 173568K, used 1938K [0x00000006c2000000, 0x00000006cc980000, 0x000000076b580000)
  object space 173568K, 1% used [0x00000006c2000000,0x00000006c21e4ab8,0x00000006cc980000)
 Metaspace       used 20151K, capacity 20594K, committed 20992K, reserved 1067008K
  class space    used 2314K, capacity 2455K, committed 2560K, reserved 1048576K
Event: 8.224 GC heap after
Heap after GC invocations=4 (full 0):
 PSYoungGen      total 140800K, used 10744K [0x000000076b580000, 0x0000000774980000, 0x00000007c0000000)
  eden space 130048K, 0% used [0x000000076b580000,0x000000076b580000,0x0000000773480000)
  from space 10752K, 99% used [0x0000000773f00000,0x000000077497e040,0x0000000774980000)
  to   space 10752K, 0% used [0x0000000773480000,0x0000000773480000,0x0000000773f00000)
 ParOldGen       total 173568K, used 6255K [0x00000006c2000000, 0x00000006cc980000, 0x000000076b580000)
  object space 173568K, 3% used [0x00000006c2000000,0x00000006c261bfa8,0x00000006cc980000)
 Metaspace       used 20151K, capacity 20594K, committed 20992K, reserved 1067008K
  class space    used 2314K, capacity 2455K, committed 2560K, reserved 1048576K
}
Event: 9.146 GC heap before
{Heap before GC invocations=5 (full 0):
 PSYoungGen      total 140800K, used 140792K [0x000000076b580000, 0x0000000774980000, 0x00000007c0000000)
  eden space 130048K, 100% used [0x000000076b580000,0x0000000773480000,0x0000000773480000)
  from space 10752K, 99% used [0x0000000773f00000,0x000000077497e040,0x0000000774980000)
  to   space 10752K, 0% used [0x0000000773480000,0x0000000773480000,0x0000000773f00000)
 ParOldGen       total 173568K, used 6255K [0x00000006c2000000, 0x00000006cc980000, 0x000000076b580000)
  object space 173568K, 3% used [0x00000006c2000000,0x00000006c261bfa8,0x00000006cc980000)
 Metaspace       used 20174K, capacity 20594K, committed 20992K, reserved 1067008K
  class space    used 2314K, capacity 2455K, committed 2560K, reserved 1048576K
Event: 9.179 GC heap after
Heap after GC invocations=5 (full 0):
 PSYoungGen      total 140800K, used 10728K [0x000000076b580000, 0x000000077d180000, 0x00000007c0000000)
  eden space 130048K, 0% used [0x000000076b580000,0x000000076b580000,0x0000000773480000)
  from space 10752K, 99% used [0x0000000773480000,0x0000000773efa070,0x0000000773f00000)
  to   space 15360K, 0% used [0x000000077c280000,0x000000077c280000,0x000000077d180000)
 ParOldGen       total 173568K, used 7903K [0x00000006c2000000, 0x00000006cc980000, 0x000000076b580000)
  object space 173568K, 4% used [0x00000006c2000000,0x00000006c27b7fa8,0x00000006cc980000)
 Metaspace       used 20174K, capacity 20594K, committed 20992K, reserved 1067008K
  class space    used 2314K, capacity 2455K, committed 2560K, reserved 1048576K
}
Event: 9.573 GC heap before
{Heap before GC invocations=6 (full 0):
 PSYoungGen      total 140800K, used 140776K [0x000000076b580000, 0x000000077d180000, 0x00000007c0000000)
  eden space 130048K, 100% used [0x000000076b580000,0x0000000773480000,0x0000000773480000)
  from space 10752K, 99% used [0x0000000773480000,0x0000000773efa070,0x0000000773f00000)
  to   space 15360K, 0% used [0x000000077c280000,0x000000077c280000,0x000000077d180000)
 ParOldGen       total 173568K, used 7903K [0x00000006c2000000, 0x00000006cc980000, 0x000000076b580000)
  object space 173568K, 4% used [0x00000006c2000000,0x00000006c27b7fa8,0x00000006cc980000)
 Metaspace       used 20177K, capacity 20594K, committed 20992K, reserved 1067008K
  class space    used 2314K, capacity 2455K, committed 2560K, reserved 1048576K
Event: 9.598 GC heap after
Heap after GC invocations=6 (full 0):
 PSYoungGen      total 274432K, used 11072K [0x000000076b580000, 0x000000077d080000, 0x00000007c0000000)
  eden space 260096K, 0% used [0x000000076b580000,0x000000076b580000,0x000000077b380000)
  from space 14336K, 77% used [0x000000077c280000,0x000000077cd50060,0x000000077d080000)
  to   space 14848K, 0% used [0x000000077b380000,0x000000077b380000,0x000000077c200000)
 ParOldGen       total 173568K, used 7903K [0x00000006c2000000, 0x00000006cc980000, 0x000000076b580000)
  object space 173568K, 4% used [0x00000006c2000000,0x00000006c27b7fa8,0x00000006cc980000)
 Metaspace       used 20177K, capacity 20594K, committed 20992K, reserved 1067008K
  class space    used 2314K, capacity 2455K, committed 2560K, reserved 1048576K
}
Event: 10.194 GC heap before
{Heap before GC invocations=7 (full 0):
 PSYoungGen      total 274432K, used 161063K [0x000000076b580000, 0x000000077d080000, 0x00000007c0000000)
  eden space 260096K, 57% used [0x000000076b580000,0x00000007747f9f40,0x000000077b380000)
  from space 14336K, 77% used [0x000000077c280000,0x000000077cd50060,0x000000077d080000)
  to   space 14848K, 0% used [0x000000077b380000,0x000000077b380000,0x000000077c200000)
 ParOldGen       total 173568K, used 7903K [0x00000006c2000000, 0x00000006cc980000, 0x000000076b580000)
  object space 173568K, 4% used [0x00000006c2000000,0x00000006c27b7fa8,0x00000006cc980000)
 Metaspace       used 20699K, capacity 21112K, committed 21248K, reserved 1069056K
  class space    used 2374K, capacity 2521K, committed 2560K, reserved 1048576K
Event: 10.227 GC heap after
Heap after GC invocations=7 (full 0):
 PSYoungGen      total 274944K, used 6221K [0x000000076b580000, 0x000000077d080000, 0x00000007c0000000)
  eden space 260096K, 0% used [0x000000076b580000,0x000000076b580000,0x000000077b380000)
  from space 14848K, 41% used [0x000000077b380000,0x000000077b9935d8,0x000000077c200000)
  to   space 14336K, 0% used [0x000000077c280000,0x000000077c280000,0x000000077d080000)
 ParOldGen       total 173568K, used 14539K [0x00000006c2000000, 0x00000006cc980000, 0x000000076b580000)
  object space 173568K, 8% used [0x00000006c2000000,0x00000006c2e32de0,0x00000006cc980000)
 Metaspace       used 20699K, capacity 21112K, committed 21248K, reserved 1069056K
  class space    used 2374K, capacity 2521K, committed 2560K, reserved 1048576K
}
Event: 10.227 GC heap before
{Heap before GC invocations=8 (full 1):
 PSYoungGen      total 274944K, used 6221K [0x000000076b580000, 0x000000077d080000, 0x00000007c0000000)
  eden space 260096K, 0% used [0x000000076b580000,0x000000076b580000,0x000000077b380000)
  from space 14848K, 41% used [0x000000077b380000,0x000000077b9935d8,0x000000077c200000)
  to   space 14336K, 0% used [0x000000077c280000,0x000000077c280000,0x000000077d080000)
 ParOldGen       total 173568K, used 14539K [0x00000006c2000000, 0x00000006cc980000, 0x000000076b580000)
  object space 173568K, 8% used [0x00000006c2000000,0x00000006c2e32de0,0x00000006cc980000)
 Metaspace       used 20699K, capacity 21112K, committed 21248K, reserved 1069056K
  class space    used 2374K, capacity 2521K, committed 2560K, reserved 1048576K
Event: 10.335 GC heap after
Heap after GC invocations=8 (full 1):
 PSYoungGen      total 274944K, used 0K [0x000000076b580000, 0x000000077d080000, 0x00000007c0000000)
  eden space 260096K, 0% used [0x000000076b580000,0x000000076b580000,0x000000077b380000)
  from space 14848K, 0% used [0x000000077b380000,0x000000077b380000,0x000000077c200000)
  to   space 14336K, 0% used [0x000000077c280000,0x000000077c280000,0x000000077d080000)
 ParOldGen       total 99840K, used 14678K [0x00000006c2000000, 0x00000006c8180000, 0x000000076b580000)
  object space 99840K, 14% used [0x00000006c2000000,0x00000006c2e55be8,0x00000006c8180000)
 Metaspace       used 20699K, capacity 21112K, committed 21248K, reserved 1069056K
  class space    used 2374K, capacity 2521K, committed 2560K, reserved 1048576K
}

