# JRE version: Java(TM) SE Runtime Environment (8.0_92-b14) (build 1.8.0_92-b14)
# Java VM: Java HotSpot(TM) 64-Bit Server VM (25.92-b14 mixed mode windows-amd64 compressed oops)
Heap:
 PSYoungGen      total 901120K, used 355487K [0x000000076b580000, 0x00000007b5a80000, 0x00000007c0000000)
  eden space 802304K, 40% used [0x000000076b580000,0x000000077f309210,0x000000079c500000)
  from space 98816K, 30% used [0x000000079c500000,0x000000079e29eb68,0x00000007a2580000)
  to   space 94208K, 0% used [0x00000007afe80000,0x00000007afe80000,0x00000007b5a80000)
 ParOldGen       total 233984K, used 106883K [0x00000006c2000000, 0x00000006d0480000, 0x000000076b580000)
  object space 233984K, 45% used [0x00000006c2000000,0x00000006c8860cf8,0x00000006d0480000)
 Metaspace       used 45267K, capacity 46348K, committed 46464K, reserved 1089536K
  class space    used 5436K, capacity 5728K, committed 5760K, reserved 1048576K
GC Heap History (10 events):
Event: 22.849 GC heap before
{Heap before GC invocations=12 (full 2):
 PSYoungGen      total 509952K, used 466570K [0x000000076b580000, 0x000000079d000000, 0x00000007c0000000)
  eden space 467968K, 99% used [0x000000076b580000,0x0000000787d22858,0x0000000787e80000)
  from space 41984K, 0% used [0x0000000787e80000,0x0000000787e80000,0x000000078a780000)
  to   space 65024K, 0% used [0x0000000799080000,0x0000000799080000,0x000000079d000000)
 ParOldGen       total 243712K, used 93803K [0x00000006c2000000, 0x00000006d0e00000, 0x000000076b580000)
  object space 243712K, 38% used [0x00000006c2000000,0x00000006c7b9af80,0x00000006d0e00000)
 Metaspace       used 35351K, capacity 36120K, committed 36224K, reserved 1081344K
  class space    used 4183K, capacity 4429K, committed 4480K, reserved 1048576K
Event: 22.904 GC heap after
Heap after GC invocations=12 (full 2):
 PSYoungGen      total 671232K, used 39286K [0x000000076b580000, 0x000000079b700000, 0x00000007c0000000)
  eden space 631808K, 0% used [0x000000076b580000,0x000000076b580000,0x0000000791e80000)
  from space 39424K, 99% used [0x0000000799080000,0x000000079b6dda88,0x000000079b700000)
  to   space 66048K, 0% used [0x0000000793600000,0x0000000793600000,0x0000000797680000)
 ParOldGen       total 243712K, used 93819K [0x00000006c2000000, 0x00000006d0e00000, 0x000000076b580000)
  object space 243712K, 38% used [0x00000006c2000000,0x00000006c7b9ef80,0x00000006d0e00000)
 Metaspace       used 35351K, capacity 36120K, committed 36224K, reserved 1081344K
  class space    used 4183K, capacity 4429K, committed 4480K, reserved 1048576K
}
Event: 22.904 GC heap before
{Heap before GC invocations=13 (full 3):
 PSYoungGen      total 671232K, used 39286K [0x000000076b580000, 0x000000079b700000, 0x00000007c0000000)
  eden space 631808K, 0% used [0x000000076b580000,0x000000076b580000,0x0000000791e80000)
  from space 39424K, 99% used [0x0000000799080000,0x000000079b6dda88,0x000000079b700000)
  to   space 66048K, 0% used [0x0000000793600000,0x0000000793600000,0x0000000797680000)
 ParOldGen       total 243712K, used 93819K [0x00000006c2000000, 0x00000006d0e00000, 0x000000076b580000)
  object space 243712K, 38% used [0x00000006c2000000,0x00000006c7b9ef80,0x00000006d0e00000)
 Metaspace       used 35351K, capacity 36120K, committed 36224K, reserved 1081344K
  class space    used 4183K, capacity 4429K, committed 4480K, reserved 1048576K
Event: 23.087 GC heap after
Heap after GC invocations=13 (full 3):
 PSYoungGen      total 671232K, used 0K [0x000000076b580000, 0x000000079b700000, 0x00000007c0000000)
  eden space 631808K, 0% used [0x000000076b580000,0x000000076b580000,0x0000000791e80000)
  from space 39424K, 0% used [0x0000000799080000,0x0000000799080000,0x000000079b700000)
  to   space 66048K, 0% used [0x0000000793600000,0x0000000793600000,0x0000000797680000)
 ParOldGen       total 233984K, used 57180K [0x00000006c2000000, 0x00000006d0480000, 0x000000076b580000)
  object space 233984K, 24% used [0x00000006c2000000,0x00000006c57d7380,0x00000006d0480000)
 Metaspace       used 35351K, capacity 36120K, committed 36224K, reserved 1081344K
  class space    used 4183K, capacity 4429K, committed 4480K, reserved 1048576K
}
Event: 97.788 GC heap before
{Heap before GC invocations=14 (full 3):
 PSYoungGen      total 671232K, used 631808K [0x000000076b580000, 0x000000079b700000, 0x00000007c0000000)
  eden space 631808K, 100% used [0x000000076b580000,0x0000000791e80000,0x0000000791e80000)
  from space 39424K, 0% used [0x0000000799080000,0x0000000799080000,0x000000079b700000)
  to   space 66048K, 0% used [0x0000000793600000,0x0000000793600000,0x0000000797680000)
 ParOldGen       total 233984K, used 57182K [0x00000006c2000000, 0x00000006d0480000, 0x000000076b580000)
  object space 233984K, 24% used [0x00000006c2000000,0x00000006c57d7a70,0x00000006d0480000)
 Metaspace       used 36079K, capacity 36932K, committed 37120K, reserved 1081344K
  class space    used 4283K, capacity 4528K, committed 4608K, reserved 1048576K
Event: 98.043 GC heap after
Heap after GC invocations=14 (full 3):
 PSYoungGen      total 721920K, used 49084K [0x000000076b580000, 0x00000007a6a80000, 0x00000007c0000000)
  eden space 655872K, 0% used [0x000000076b580000,0x000000076b580000,0x0000000793600000)
  from space 66048K, 74% used [0x0000000793600000,0x00000007965ef1a8,0x0000000797680000)
  to   space 70656K, 0% used [0x00000007a2580000,0x00000007a2580000,0x00000007a6a80000)
 ParOldGen       total 233984K, used 57190K [0x00000006c2000000, 0x00000006d0480000, 0x000000076b580000)
  object space 233984K, 24% used [0x00000006c2000000,0x00000006c57d9a70,0x00000006d0480000)
 Metaspace       used 36079K, capacity 36932K, committed 37120K, reserved 1081344K
  class space    used 4283K, capacity 4528K, committed 4608K, reserved 1048576K
}
Event: 106.971 GC heap before
{Heap before GC invocations=15 (full 3):
 PSYoungGen      total 721920K, used 704956K [0x000000076b580000, 0x00000007a6a80000, 0x00000007c0000000)
  eden space 655872K, 100% used [0x000000076b580000,0x0000000793600000,0x0000000793600000)
  from space 66048K, 74% used [0x0000000793600000,0x00000007965ef1a8,0x0000000797680000)
  to   space 70656K, 0% used [0x00000007a2580000,0x00000007a2580000,0x00000007a6a80000)
 ParOldGen       total 233984K, used 57193K [0x00000006c2000000, 0x00000006d0480000, 0x000000076b580000)
  object space 233984K, 24% used [0x00000006c2000000,0x00000006c57da4a0,0x00000006d0480000)
 Metaspace       used 36099K, capacity 36932K, committed 37120K, reserved 1081344K
  class space    used 4285K, capacity 4528K, committed 4608K, reserved 1048576K
Event: 107.289 GC heap after
Heap after GC invocations=15 (full 3):
 PSYoungGen      total 872960K, used 70645K [0x000000076b580000, 0x00000007ac480000, 0x00000007c0000000)
  eden space 802304K, 0% used [0x000000076b580000,0x000000076b580000,0x000000079c500000)
  from space 70656K, 99% used [0x00000007a2580000,0x00000007a6a7d440,0x00000007a6a80000)
  to   space 98816K, 0% used [0x000000079c500000,0x000000079c500000,0x00000007a2580000)
 ParOldGen       total 233984K, used 102927K [0x00000006c2000000, 0x00000006d0480000, 0x000000076b580000)
  object space 233984K, 43% used [0x00000006c2000000,0x00000006c8483cc8,0x00000006d0480000)
 Metaspace       used 36099K, capacity 36932K, committed 37120K, reserved 1081344K
  class space    used 4285K, capacity 4528K, committed 4608K, reserved 1048576K
}
Event: 133.984 GC heap before
{Heap before GC invocations=16 (full 3):
 PSYoungGen      total 872960K, used 872949K [0x000000076b580000, 0x00000007ac480000, 0x00000007c0000000)
  eden space 802304K, 100% used [0x000000076b580000,0x000000079c500000,0x000000079c500000)
  from space 70656K, 99% used [0x00000007a2580000,0x00000007a6a7d440,0x00000007a6a80000)
  to   space 98816K, 0% used [0x000000079c500000,0x000000079c500000,0x00000007a2580000)
 ParOldGen       total 233984K, used 102927K [0x00000006c2000000, 0x00000006d0480000, 0x000000076b580000)
  object space 233984K, 43% used [0x00000006c2000000,0x00000006c8483cc8,0x00000006d0480000)
 Metaspace       used 45245K, capacity 46342K, committed 46464K, reserved 1089536K
  class space    used 5435K, capacity 5726K, committed 5760K, reserved 1048576K
Event: 134.069 GC heap after
Heap after GC invocations=16 (full 3):
 PSYoungGen      total 901120K, used 30330K [0x000000076b580000, 0x00000007b5a80000, 0x00000007c0000000)
  eden space 802304K, 0% used [0x000000076b580000,0x000000076b580000,0x000000079c500000)
  from space 98816K, 30% used [0x000000079c500000,0x000000079e29eb68,0x00000007a2580000)
  to   space 94208K, 0% used [0x00000007afe80000,0x00000007afe80000,0x00000007b5a80000)
 ParOldGen       total 233984K, used 106883K [0x00000006c2000000, 0x00000006d0480000, 0x000000076b580000)
  object space 233984K, 45% used [0x00000006c2000000,0x00000006c8860cf8,0x00000006d0480000)
 Metaspace       used 45245K, capacity 46342K, committed 46464K, reserved 1089536K
  class space    used 5435K, capacity 5726K, committed 5760K, reserved 1048576K
}

